Using pre-set license
Built from '2020.3/staging' branch; Version is '2020.3.16f1 (049d6eca3c44) revision 302446'; Using compiler version '192528614'; Build Type 'Release'
OS: 'Windows 10 Pro; OS build 19044.1620; Version 2009; 64bit' Language: 'en' Physical Memory: 32628 MB
BatchMode: 1, IsHumanControllingUs: 0, StartBugReporterOnCrash: 0, Is64bit: 1, IsPro: 0

 COMMAND LINE ARGUMENTS:
C:\Program Files\Unity\Hub\Editor\2020.3.16f1\Editor\Unity.exe
-adb2
-batchMode
-noUpm
-name
AssetImportWorker0
-projectPath
F:/UnityProjects/TicTacToe
-logFile
Logs/AssetImportWorker0.log
-srvPort
55495
Successfully changed project path to: F:/UnityProjects/TicTacToe
F:/UnityProjects/TicTacToe
Using Asset Import Pipeline V2.
Refreshing native plugins compatible for Editor in 40.66 ms, found 3 plugins.
Preloading 0 native plugins for Editor in 0.00 ms.
Initialize engine version: 2020.3.16f1 (049d6eca3c44)
[Subsystems] Discovering subsystems at path C:/Program Files/Unity/Hub/Editor/2020.3.16f1/Editor/Data/Resources/UnitySubsystems
[Subsystems] Discovering subsystems at path F:/UnityProjects/TicTacToe/Assets
GfxDevice: creating device client; threaded=0
Direct3D:
    Version:  Direct3D 11.0 [level 11.1]
    Renderer: NVIDIA GeForce GTX 1660 Ti (ID=0x2182)
    Vendor:   
    VRAM:     5991 MB
    Driver:   30.0.15.1215
Initialize mono
Mono path[0] = 'C:/Program Files/Unity/Hub/Editor/2020.3.16f1/Editor/Data/Managed'
Mono path[1] = 'C:/Program Files/Unity/Hub/Editor/2020.3.16f1/Editor/Data/MonoBleedingEdge/lib/mono/unityjit'
Mono config path = 'C:/Program Files/Unity/Hub/Editor/2020.3.16f1/Editor/Data/MonoBleedingEdge/etc'
Using monoOptions --debugger-agent=transport=dt_socket,embedding=1,server=y,suspend=n,address=127.0.0.1:56216
Begin MonoManager ReloadAssembly
Registering precompiled unity dll's ...
Register platform support module: C:/Program Files/Unity/Hub/Editor/2020.3.16f1/Editor/Data/PlaybackEngines/WebGLSupport/UnityEditor.WebGL.Extensions.dll
Register platform support module: C:/Program Files/Unity/Hub/Editor/2020.3.16f1/Editor/Data/PlaybackEngines/MacStandaloneSupport/UnityEditor.OSXStandalone.Extensions.dll
Register platform support module: C:/Program Files/Unity/Hub/Editor/2020.3.16f1/Editor/Data/PlaybackEngines/WindowsStandaloneSupport/UnityEditor.WindowsStandalone.Extensions.dll
Register platform support module: C:/Program Files/Unity/Hub/Editor/2020.3.16f1/Editor/Data/PlaybackEngines/LinuxStandaloneSupport/UnityEditor.LinuxStandalone.Extensions.dll
Registered in 0.003068 seconds.
Native extension for LinuxStandalone target not found
Native extension for WindowsStandalone target not found
Native extension for OSXStandalone target not found
Native extension for WebGL target not found
Refreshing native plugins compatible for Editor in 37.96 ms, found 3 plugins.
Preloading 0 native plugins for Editor in 0.00 ms.
Mono: successfully reloaded assembly
- Completed reload, in  1.863 seconds
Domain Reload Profiling:
	ReloadAssembly (1863ms)
		BeginReloadAssembly (49ms)
			ExecutionOrderSort (0ms)
			DisableScriptedObjects (0ms)
			BackupInstance (0ms)
			ReleaseScriptingObjects (0ms)
			CreateAndSetChildDomain (1ms)
		EndReloadAssembly (394ms)
			LoadAssemblies (48ms)
			RebuildTransferFunctionScriptingTraits (0ms)
			SetupTypeCache (142ms)
			ReleaseScriptCaches (0ms)
			RebuildScriptCaches (27ms)
			SetupLoadedEditorAssemblies (159ms)
				LogAssemblyErrors (0ms)
				InitializePlatformSupportModulesInManaged (7ms)
				SetLoadedEditorAssemblies (0ms)
				RefreshPlugins (38ms)
				BeforeProcessingInitializeOnLoad (16ms)
				ProcessInitializeOnLoadAttributes (72ms)
				ProcessInitializeOnLoadMethodAttributes (25ms)
				AfterProcessingInitializeOnLoad (0ms)
				EditorAssembliesLoaded (0ms)
			ExecutionOrderSort2 (0ms)
			AwakeInstancesAfterBackupRestoration (0ms)
Platform modules already initialized, skipping
Registering precompiled user dll's ...
Registered in 0.003874 seconds.
Begin MonoManager ReloadAssembly
Native extension for LinuxStandalone target not found
Native extension for WindowsStandalone target not found
Native extension for OSXStandalone target not found
Native extension for WebGL target not found
Refreshing native plugins compatible for Editor in 37.97 ms, found 3 plugins.
Preloading 0 native plugins for Editor in 0.00 ms.
Mono: successfully reloaded assembly
- Completed reload, in  1.128 seconds
Domain Reload Profiling:
	ReloadAssembly (1129ms)
		BeginReloadAssembly (132ms)
			ExecutionOrderSort (0ms)
			DisableScriptedObjects (5ms)
			BackupInstance (0ms)
			ReleaseScriptingObjects (0ms)
			CreateAndSetChildDomain (17ms)
		EndReloadAssembly (940ms)
			LoadAssemblies (88ms)
			RebuildTransferFunctionScriptingTraits (0ms)
			SetupTypeCache (284ms)
			ReleaseScriptCaches (0ms)
			RebuildScriptCaches (43ms)
			SetupLoadedEditorAssemblies (406ms)
				LogAssemblyErrors (0ms)
				InitializePlatformSupportModulesInManaged (7ms)
				SetLoadedEditorAssemblies (0ms)
				RefreshPlugins (38ms)
				BeforeProcessingInitializeOnLoad (74ms)
				ProcessInitializeOnLoadAttributes (268ms)
				ProcessInitializeOnLoadMethodAttributes (13ms)
				AfterProcessingInitializeOnLoad (6ms)
				EditorAssembliesLoaded (0ms)
			ExecutionOrderSort2 (0ms)
			AwakeInstancesAfterBackupRestoration (7ms)
Platform modules already initialized, skipping
========================================================================
Worker process is ready to serve import requests
Launched and connected shader compiler UnityShaderCompiler.exe after 0.06 seconds
Refreshing native plugins compatible for Editor in 0.40 ms, found 3 plugins.
Preloading 0 native plugins for Editor in 0.00 ms.
Unloading 2106 Unused Serialized files (Serialized files now loaded: 0)
System memory in use before: 93.8 MB.
System memory in use after: 93.8 MB.

Unloading 27 unused Assets to reduce memory usage. Loaded Objects now: 2543.
Total: 2.739200 ms (FindLiveObjects: 0.162300 ms CreateObjectMapping: 0.093000 ms MarkObjects: 2.416700 ms  DeleteObjects: 0.065900 ms)

AssetImportParameters requested are different than current active one (requested -> active):
  custom:framework-win-MediaFoundation: 216162199b28c13a410421893ffa2e32 -> 
  custom:video-decoder-ogg-theora: a1e56fd34408186e4bbccfd4996cb3dc -> 
  custom:container-muxer-webm: aa71ff27fc2769a1b78a27578f13a17b -> 
  custom:container-demuxer-webm: 4f35f7cbe854078d1ac9338744f61a02 -> 
  custom:container-demuxer-ogg: 62fdf1f143b41e24485cea50d1cbac27 -> 
  custom:video-encoder-webm-vp8: eb34c28f22e8b96e1ab97ce403110664 -> 
  custom:video-codec-MediaFoundation-h265: 746d11721c4dcdbdad8f713fa42b33f4 -> 
  custom:video-decoder-webm-vp8: 9c59270c3fd7afecdb556c50c9e8de78 -> 
  custom:audio-decoder-ogg-vorbis: bf7c407c2cedff20999df2af8eb42d56 -> 
  custom:audio-encoder-webm-vorbis: bf7c407c2cedff20999df2af8eb42d56 -> 
========================================================================
Received Import Request.
  path: Assets/Graphics/OT.png
  artifactKey: Guid(eb8b0b95a04c67245aada454863bf518) Importer(815301076,1909f56bfc062723c751e8b465ee728b)
Start importing Assets/Graphics/OT.png using Guid(eb8b0b95a04c67245aada454863bf518) Importer(815301076,1909f56bfc062723c751e8b465ee728b)  -> (artifact id: '76a7ef0bc5d1ee2bfd0ccfc72c8b6d62') in 0.160153 seconds 
  Import took 0.163583 seconds .

========================================================================
Received Import Request.
  Time since last request: 0.000150 seconds.
  path: Assets/Graphics/background_sand.png
  artifactKey: Guid(3c5a227f4ea65164f979e253710fa6d5) Importer(815301076,1909f56bfc062723c751e8b465ee728b)
Start importing Assets/Graphics/background_sand.png using Guid(3c5a227f4ea65164f979e253710fa6d5) Importer(815301076,1909f56bfc062723c751e8b465ee728b)  -> (artifact id: '8bab31e454906ce946cd48b99a83377b') in 0.019522 seconds 
  Import took 0.027464 seconds .

========================================================================
Received Import Request.
  Time since last request: 0.000127 seconds.
  path: Assets/Graphics/background_triglavian.png
  artifactKey: Guid(505f770908f4ea14eb353d03fc37c956) Importer(815301076,1909f56bfc062723c751e8b465ee728b)
Start importing Assets/Graphics/background_triglavian.png using Guid(505f770908f4ea14eb353d03fc37c956) Importer(815301076,1909f56bfc062723c751e8b465ee728b)  -> (artifact id: '45d9d96d7ed35ed8eff3d8b18905cd69') in 0.041380 seconds 
  Import took 0.043985 seconds .

========================================================================
Received Import Request.
  Time since last request: 0.000121 seconds.
  path: Assets/Graphics/board_water.png
  artifactKey: Guid(52bb398921ac8e04f9da335c02ad2bcb) Importer(815301076,1909f56bfc062723c751e8b465ee728b)
Start importing Assets/Graphics/board_water.png using Guid(52bb398921ac8e04f9da335c02ad2bcb) Importer(815301076,1909f56bfc062723c751e8b465ee728b)  -> (artifact id: '41a886afe22b03ee934a0ad2de654d61') in 0.054008 seconds 
  Import took 0.056862 seconds .

========================================================================
Received Import Request.
  Time since last request: 0.000154 seconds.
  path: Assets/Graphics/XT.png
  artifactKey: Guid(806b123364204b2499c781d99b964eb1) Importer(815301076,1909f56bfc062723c751e8b465ee728b)
Start importing Assets/Graphics/XT.png using Guid(806b123364204b2499c781d99b964eb1) Importer(815301076,1909f56bfc062723c751e8b465ee728b)  -> (artifact id: '17eee783c11f657b7033d8e26d0637ad') in 0.015380 seconds 
  Import took 0.018308 seconds .

========================================================================
Received Import Request.
  Time since last request: 0.820208 seconds.
  path: Assets/Graphics/first_version_screenshot.jpg
  artifactKey: Guid(2d9759ecf98e1c94aa3d7a381225bfc1) Importer(815301076,1909f56bfc062723c751e8b465ee728b)
Start importing Assets/Graphics/first_version_screenshot.jpg using Guid(2d9759ecf98e1c94aa3d7a381225bfc1) Importer(815301076,1909f56bfc062723c751e8b465ee728b)  -> (artifact id: 'dca17960ce8b86839ba209c903630610') in 0.024821 seconds 
  Import took 0.027498 seconds .

========================================================================
Received Import Request.
  Time since last request: 2.291016 seconds.
  path: Assets/Scripts/GameController.cs
  artifactKey: Guid(4fbc8b84ff92fbc45a433d6b8aa5a15c) Importer(815301076,1909f56bfc062723c751e8b465ee728b)
Start importing Assets/Scripts/GameController.cs using Guid(4fbc8b84ff92fbc45a433d6b8aa5a15c) Importer(815301076,1909f56bfc062723c751e8b465ee728b)  -> (artifact id: 'd6e8f2c49ad2f00d6b3d811c403e2bdb') in 0.030191 seconds 
  Import took 0.032654 seconds .

AssetImportWorkerClient::OnTransportError - code=2 error=End of file
